<?xml version="1.0" encoding="UTF-8"?>
<!-- Generated by org.testng.reporters.JUnitReportReporter -->
<testsuite hostname="DESKTOP-TUU9F5D" failures="0" tests="15" name="MyTestCases.MainTest" time="58.870" errors="0" timestamp="2025-01-24T21:28:49 EET" skipped="1">
  <testcase classname="MyTestCases.MainTest" name="RadioButton" time="2.180"/>
  <system-out/>
  <testcase classname="MyTestCases.MainTest" name="RadioButton" time="2.287"/>
  <system-out/>
  <testcase classname="MyTestCases.MainTest" name="RadioButton" time="2.297"/>
  <system-out/>
  <testcase classname="MyTestCases.MainTest" name="Checkbox" time="2.372"/>
  <system-out/>
  <testcase classname="MyTestCases.MainTest" name="DynamicDropdown" time="4.417"/>
  <system-out/>
  <testcase classname="MyTestCases.MainTest" name="StaticDropdown" time="2.655"/>
  <system-out/>
  <testcase classname="MyTestCases.MainTest" name="SwitchWindow" time="14.803"/>
  <system-out/>
  <testcase classname="MyTestCases.MainTest" name="SwitchTab" time="2.731"/>
  <system-out/>
  <testcase classname="MyTestCases.MainTest" name="SwitchAlert" time="2.905"/>
  <system-out/>
  <testcase classname="MyTestCases.MainTest" name="Calendar" time="6.188"/>
  <system-out/>
  <testcase classname="MyTestCases.MainTest" name="ElementDisplaye" time="2.632"/>
  <system-out/>
  <testcase classname="MyTestCases.MainTest" name="EnabledDisabled" time="2.793"/>
  <system-out/>
  <testcase classname="MyTestCases.MainTest" name="MouseHover" time="8.492"/>
  <system-out/>
  <testcase classname="MyTestCases.MainTest" name="iFrame" time="2.118"/>
  <system-out/>
  <testcase classname="MyTestCases.MainTest" name="WebTable">
    <skipped/>
  </testcase> <!-- WebTable -->
  <system-out/>
</testsuite> <!-- MyTestCases.MainTest -->
